::1 - - [23/Apr/2023:18:04:06 -0300] "GET /now-playing HTTP/1.1" 200 581 1.3691
::1 - - [23/Apr/2023:18:04:06 -0300] "GET /assets/album.jpg HTTP/1.1" 200 51537 0.0096
::1 - - [23/Apr/2023:18:05:16 -0300] "GET / HTTP/1.1" 302 - 0.0013
::1 - - [23/Apr/2023:18:05:16 -0300] "GET / HTTP/1.1" 302 - 0.0011
::1 - - [23/Apr/2023:18:05:16 -0300] "GET /callback?code=AQB69oOQF9KPhOV-_JsOOV_PBRwwUT9utUPoT4CNRtNQrzIOcd29DwSzdhLtoOcrVrvW6uOT3Y_9Skq0pf8pHHT8rNXAkNxyyTEgxHu_Q0aFiWzrLl0U-_LxqCFfk8AKosuXfXosXx8jkBmcSWtRF-8SaG_HOUBGme_pkgEHlOUhEl75MwzHHENctljpojPtYv2puT8V36YVM88gKll2jHrzYUaRUgwUca1cV5BkUgk-IUWfvv-4HfgM&state=c49850341c58db67e5764eec4901428e HTTP/1.1" 302 - 0.3074
::1 - - [23/Apr/2023:18:05:18 -0300] "GET /now-playing HTTP/1.1" 200 581 1.5382
::1 - - [23/Apr/2023:18:05:18 -0300] "GET /assets/album.jpg HTTP/1.1" 200 51537 0.0102
::1 - - [23/Apr/2023:18:05:27 -0300] "GET /now-playing HTTP/1.1" 200 581 1.4203
::1 - - [23/Apr/2023:18:05:27 -0300] "GET /assets/album.jpg HTTP/1.1" 200 51537 0.0090
::1 - - [23/Apr/2023:18:07:28 -0300] "GET /now-playing HTTP/1.1" 200 581 1.5668
::1 - - [23/Apr/2023:18:07:29 -0300] "GET /assets/album.jpg HTTP/1.1" 200 51537 0.0086
::1 - - [23/Apr/2023:18:07:44 -0300] "GET /now-playing HTTP/1.1" 200 581 1.4198
::1 - - [23/Apr/2023:18:07:44 -0300] "GET /assets/album.jpg HTTP/1.1" 200 51537 0.0088
::1 - - [23/Apr/2023:18:10:41 -0300] "GET /now-playing HTTP/1.1" 200 581 1.6568
::1 - - [23/Apr/2023:18:10:41 -0300] "GET /assets/album.jpg HTTP/1.1" 200 51537 0.0094
::1 - - [23/Apr/2023:18:11:21 -0300] "GET /now-playing HTTP/1.1" 200 581 1.3875
::1 - - [23/Apr/2023:18:11:21 -0300] "GET /assets/album.jpg HTTP/1.1" 200 51537 0.0151
::1 - - [23/Apr/2023:18:16:58 -0300] "GET / HTTP/1.1" 302 - 0.0012
::1 - - [23/Apr/2023:18:16:59 -0300] "GET / HTTP/1.1" 302 - 0.0010
::1 - - [23/Apr/2023:18:16:59 -0300] "GET /callback?code=AQCzTtAEDbZa0YTsyloTWGUXgTNUP-jo1wYYw2a16i1rjgt_eeFyJktK-Ut7OUObU73p-PyG7Hsh3MSa_3A5V841t0z_ktVoEEk6teOgNrCpy-ds-flj0LKY0bwFspyQy9MMZgYNajThcwb1DHcIv4s1j9VQ57umSRHqw5iHCpXJkBXcx0H6DOJgFetYgEw4G6uHKXW3InIz-zIxcli-5h6DMsfCn-3lCYQmR3rsfpS2RmvJy4ZghJ4P&state=18005d884f745efa192e6d25302e85e0 HTTP/1.1" 302 - 0.2948
::1 - - [23/Apr/2023:18:17:00 -0300] "GET /now-playing HTTP/1.1" 200 576 0.8352
::1 - - [23/Apr/2023:18:17:00 -0300] "GET /assets/album.jpg HTTP/1.1" 200 45565 0.0052
::1 - - [23/Apr/2023:18:18:44 -0300] "GET / HTTP/1.1" 302 - 0.0062
::1 - - [23/Apr/2023:18:18:46 -0300] "GET / HTTP/1.1" 302 - 0.0015
::1 - - [23/Apr/2023:18:18:47 -0300] "GET / HTTP/1.1" 302 - 0.0011
::1 - - [23/Apr/2023:18:18:47 -0300] "GET /callback?code=AQB0HYUM-F-55gMORtSu0kuyLmQKrhnh_wi1tDflbFEDY8eRNQE-5HH8Dd-jbE1KEJQRCC4Ghjaiu_e8lOMSMlnKxQ_7ggaDvkjCdmGLB_up24VCtjYPiAWDh_El6J7U1JAno107GDWmncwcz8j-X0C_IDjBnjjBbIMdT9PTQxWDEChb4FRs-kyUcs-gFPTn_7oX5W8JnWSsLXDvNz9sOjm68rufnGsmkk3rFIsYiqgA_a78RCyFykw6&state=06f1abb3f3a04cc2768927e0f82e73ce HTTP/1.1" 302 - 0.3013
::1 - - [23/Apr/2023:18:18:48 -0300] "GET /now-playing HTTP/1.1" 200 576 0.7729
::1 - - [23/Apr/2023:18:18:48 -0300] "GET /assets/album.jpg HTTP/1.1" 200 45565 0.0146
::1 - - [23/Apr/2023:18:19:02 -0300] "GET /now-playing HTTP/1.1" 200 576 0.7585
::1 - - [23/Apr/2023:18:19:02 -0300] "GET /assets/album.jpg HTTP/1.1" 200 45565 0.0064
::1 - - [23/Apr/2023:18:19:04 -0300] "GET /now-playing HTTP/1.1" 200 576 0.7466
::1 - - [23/Apr/2023:18:19:04 -0300] "GET /now-playing HTTP/1.1" 200 576 0.7182
::1 - - [23/Apr/2023:18:19:04 -0300] "GET /assets/album.jpg HTTP/1.1" 200 45565 0.0062
::1 - - [23/Apr/2023:18:19:24 -0300] "GET / HTTP/1.1" 302 - 0.0077
::1 - - [23/Apr/2023:18:19:24 -0300] "GET / HTTP/1.1" 302 - 0.0014
::1 - - [23/Apr/2023:18:19:25 -0300] "GET /callback?code=AQDTfomCzKt84CE0To7XfjOremDLqz9N3NctUpBnKD1Jp4YXZXyfZZAgc0cGQqslraXeBaNe5H_vMEZYC-P65PsuMkiQpbpas7eCB4DjBff0ID8AzxBRz3HBCItQQkxaF-uyvMBZNNZnrCmvyFGECL3ntKuOkvtpbBRmu5mXqoKcBlg4zfTHNKM4aA8RnH1-BGPA8fVUD0X1qGt7n9o6JpSG1keXid_8P7hyECPNN_Y9aCYt66fhyyqW&state=d4d70f173d4ddac15ff7105156afa500 HTTP/1.1" 302 - 0.2948
::1 - - [23/Apr/2023:18:19:26 -0300] "GET /now-playing HTTP/1.1" 200 570 0.7663
::1 - - [23/Apr/2023:18:19:26 -0300] "GET /style/main.css HTTP/1.1" 200 668 0.0120
::1 - - [23/Apr/2023:18:19:26 -0300] "GET /assets/album.jpg HTTP/1.1" 200 45565 0.0114
::1 - - [23/Apr/2023:18:19:46 -0300] "GET / HTTP/1.1" 302 - 0.0020
::1 - - [23/Apr/2023:18:19:47 -0300] "GET / HTTP/1.1" 302 - 0.0028
::1 - - [23/Apr/2023:18:19:47 -0300] "GET /callback?code=AQArAOfwJMtlWM6EQ7zCyWsihzUNmgWBlALvRyFDR0MRKDz22TZ-II61ozDYydROcsYouBk6QTP84kqJ_xcEy3gCouQECzQDScVmb3mE8wcXCkdOBpeazswDlp4ts5cIIyB1c_CQXAKS0E84xoMvBejWNHva0bjtJnnS7xrpTqgVz3LczBQe_CWhXLci-o2j0WsC_zhQZ7yOfVZ5nZ9XEoqJazX6hS_XIihL0L-hWhvL4Ozz7dGpSycB&state=3a2e5e3d4c831f84cc81f8700e663d6e HTTP/1.1" 302 - 0.3156
::1 - - [23/Apr/2023:18:19:48 -0300] "GET /now-playing HTTP/1.1" 200 570 0.7403
::1 - - [23/Apr/2023:18:19:48 -0300] "GET /style/main.css HTTP/1.1" 304 - 0.0014
::1 - - [23/Apr/2023:18:19:48 -0300] "GET /assets/album.jpg HTTP/1.1" 200 45565 0.0053
::1 - - [23/Apr/2023:18:20:15 -0300] "GET / HTTP/1.1" 302 - 0.0077
::1 - - [23/Apr/2023:18:20:15 -0300] "GET / HTTP/1.1" 302 - 0.0013
::1 - - [23/Apr/2023:18:20:16 -0300] "GET /callback?code=AQCkOa6gu3DEIeCo9BtW4Ifnk0he3J4Ch57EIEH4hJwv-CA35itpiyZ5c_SzyL2r9FdhR6oMakqC7DwyIYoDVawvX4-xgGbUBu1oEqfozpSDmUYvSKX8vCE6z778y5DDRd5z85EF8DAiY074ClgU-vctOoHzvPQOCgHKuwu4v8b_pWR9H0wxoQTymizhZYQBSixmGUFzI1AorhG_zefZyWERNeHMeP_gIbLtATS0NrhmN_zTr5wSl72f&state=2381025b33ae9132a2b74a8200cd2149 HTTP/1.1" 302 - 0.3056
::1 - - [23/Apr/2023:18:20:16 -0300] "GET /now-playing HTTP/1.1" 200 576 0.7694
::1 - - [23/Apr/2023:18:20:16 -0300] "GET /assets/album.jpg HTTP/1.1" 200 45565 0.0082
::1 - - [23/Apr/2023:18:20:25 -0300] "GET /now-playing HTTP/1.1" 200 575 1.0109
::1 - - [23/Apr/2023:18:20:25 -0300] "GET /stylesheet/main.css HTTP/1.1" 200 - 0.0012
::1 - - [23/Apr/2023:18:20:25 -0300] "GET /assets/album.jpg HTTP/1.1" 200 45565 0.0058
::1 - - [23/Apr/2023:18:20:43 -0300] "GET /now-playing HTTP/1.1" 200 570 0.7766
::1 - - [23/Apr/2023:18:20:43 -0300] "GET /style/main.css HTTP/1.1" 200 - 0.0032
::1 - - [23/Apr/2023:18:20:43 -0300] "GET /assets/album.jpg HTTP/1.1" 200 45565 0.0079
::1 - - [23/Apr/2023:18:20:46 -0300] "GET /now-playing HTTP/1.1" 200 570 0.7351
::1 - - [23/Apr/2023:18:20:46 -0300] "GET /assets/album.jpg HTTP/1.1" 200 45565 0.0053
::1 - - [23/Apr/2023:18:20:54 -0300] "GET /now-playing HTTP/1.1" 200 576 0.7151
::1 - - [23/Apr/2023:18:20:54 -0300] "GET /assets/album.jpg HTTP/1.1" 200 45565 0.0064
127.0.0.1 - - [23/Apr/2023:18:21:07 -0300] "GET /__sinatra__/500.png HTTP/1.1" 200 24378 0.0157
::1 - - [23/Apr/2023:18:22:12 -0300] "GET / HTTP/1.1" 302 - 0.0033
::1 - - [23/Apr/2023:18:22:12 -0300] "GET / HTTP/1.1" 302 - 0.0012
::1 - - [23/Apr/2023:18:22:13 -0300] "GET /callback?code=AQC7Hyr4LW9ZCfmgOv_o_UzwlMhszIEsNGWOUpZpadT1gxmxqvz3wOZT-UCjwzBUu_yuw9i_3ALHIGCT0iyA8WpjHKzHqFJSfwnmjBe-pgfVZvgZtpDRwWnO2gQPDGoQUmkTbBCKlmxr5QoHwqWF5tPMtG6ou66N9qifCjRrMpUAn_gK7k8zGiJTeV2gBwx3D7ziBPcHwdES-4LIK7kcfkxVM1Hon71M0YQPL6iDLXw_a7RtqT5V1V8y&state=de3544368eb7076f3667a113be0e0de7 HTTP/1.1" 302 - 0.3077
::1 - - [23/Apr/2023:18:22:14 -0300] "GET /now-playing HTTP/1.1" 200 576 0.7425
::1 - - [23/Apr/2023:18:22:14 -0300] "GET /assets/album.jpg HTTP/1.1" 200 45565 0.0075
127.0.0.1 - - [23/Apr/2023:18:22:20 -0300] "GET / HTTP/1.1" 302 - 0.0085
127.0.0.1 - - [23/Apr/2023:18:22:21 -0300] "GET / HTTP/1.1" 302 - 0.0010
127.0.0.1 - - [23/Apr/2023:18:22:21 -0300] "GET /callback?code=AQDsdpcfv9u1YsscMKTbebDI45EBs90oFHRJiGtHqGXhzQH7-btfaoDY1STc6mEW3laor7s4CySjYXiIfiOXPET4cZu5mZaJcEEUnMQ4oi09ER0r_X5Atdxjh_5PnSoTkQYVOexkp4hio8DYB4LmyJmdSyyAar-i0qrZQSDnEFNmxWsDP1fWgTYnO-_n9XWQAzxajZU6k81WX77s0179NIlBNTWQFriG7RKPRWWR65Q_rbyW1kRAWvE4&state=a6ed9f65a81b96f9ae831d31f25c9753 HTTP/1.1" 302 - 0.2853
127.0.0.1 - - [23/Apr/2023:18:22:22 -0300] "GET /now-playing HTTP/1.1" 200 586 0.7783
127.0.0.1 - - [23/Apr/2023:18:22:22 -0300] "GET /assets/album.jpg HTTP/1.1" 200 42927 0.0048
127.0.0.1 - - [23/Apr/2023:18:22:27 -0300] "GET /now-playing HTTP/1.1" 200 586 0.7172
127.0.0.1 - - [23/Apr/2023:18:22:27 -0300] "GET /assets/album.jpg HTTP/1.1" 200 42927 0.0048
127.0.0.1 - - [23/Apr/2023:18:22:29 -0300] "GET /now-playing HTTP/1.1" 200 586 0.7187
127.0.0.1 - - [23/Apr/2023:18:22:30 -0300] "GET /now-playing HTTP/1.1" 200 586 0.7513
127.0.0.1 - - [23/Apr/2023:18:22:30 -0300] "GET /assets/album.jpg HTTP/1.1" 200 42927 0.0051
127.0.0.1 - - [23/Apr/2023:18:32:07 -0300] "GET /now-playing HTTP/1.1" 200 582 0.7789
127.0.0.1 - - [23/Apr/2023:18:32:07 -0300] "GET /assets/album.jpg HTTP/1.1" 200 19142 0.0052
::1 - - [23/Apr/2023:18:39:09 -0300] "GET / HTTP/1.1" 302 - 0.0064
::1 - - [23/Apr/2023:18:39:09 -0300] "GET /callback?code=AQB5nUJ69lKwU-QF-8hTeeD-wuwH2zG74C34uQA0uXtHBdnKdh7nW7knbQhhgsOLo1TZTEjVMSYCaKCF6buAYNLSFvRuYDbDwZicfI0j9qKdHbsE6sT7NHF8V7pcpZ8PKxuI64Ft1PCpEFMfheBN3vxqRcZo1sBHi4LLpcs50CG_0_GbB8B2MSNY2DXAuwcJV3W_6RWez6C6ZzGLFKH8RWTGMyVvA81t1aWloleVh9rls_6DuJAHo48J&state=34367cab1ce64276cb5fa02286a022c8 HTTP/1.1" 302 - 0.2922
::1 - - [23/Apr/2023:18:39:10 -0300] "GET /now-playing HTTP/1.1" 200 553 0.7840
::1 - - [23/Apr/2023:18:39:10 -0300] "GET /main.css HTTP/1.1" 200 - 0.0046
::1 - - [23/Apr/2023:18:39:10 -0300] "GET /assets/album.jpg HTTP/1.1" 200 28457 0.0041
::1 - - [23/Apr/2023:18:42:03 -0300] "GET /now-playing HTTP/1.1" 200 553 70.9648
::1 - - [23/Apr/2023:18:42:03 -0300] "GET /main.css HTTP/1.1" 304 - 0.0034
::1 - - [23/Apr/2023:18:42:03 -0300] "GET /assets/album.jpg HTTP/1.1" 200 28457 0.0036
::1 - - [23/Apr/2023:18:55:54 -0300] "GET / HTTP/1.1" 302 - 0.0057
::1 - - [23/Apr/2023:18:55:55 -0300] "GET /callback?code=AQCxntTkxR_PqAbl90gISTv-2HgMPhReUplYCDkrCew5fkyy7CIcrN5v1XrKLRPXD-iK3nOVlxD4oyC_UU5UkzZWvN96Lcg2jbJBq_V9uioPDVx4zshew-1OwdHkBrRBZkf5iNdLkvELal4sfZyKf_b19aXcZ-fy0EFUt_bEpY5CMUj35UMl6E_2t0JLWJOTYSDcSpvWnGCI_2fU_0saEZvm0xn5C9TKFPigWmXjRFKihwfOsfnKtT03&state=6c96224a482423b1a9b4b2a82a2d9d4e HTTP/1.1" 302 - 0.2912
::1 - - [23/Apr/2023:18:57:33 -0300] "GET /now-playing HTTP/1.1" 200 552 98.2758
::1 - - [23/Apr/2023:19:00:13 -0300] "GET /now-playing HTTP/1.1" 200 579 150.6692
::1 - - [23/Apr/2023:19:00:13 -0300] "GET /main.css HTTP/1.1" 304 - 0.0042
::1 - - [23/Apr/2023:19:00:13 -0300] "GET /assets/album.jpg HTTP/1.1" 200 37865 0.0086
::1 - - [23/Apr/2023:19:00:59 -0300] "GET /now-playing HTTP/1.1" 200 579 34.2264
::1 - - [23/Apr/2023:19:00:59 -0300] "GET /assets/album.jpg HTTP/1.1" 200 37865 0.0070
::1 - - [23/Apr/2023:19:05:04 -0300] "GET / HTTP/1.1" 302 - 0.0061
::1 - - [23/Apr/2023:19:05:04 -0300] "GET / HTTP/1.1" 302 - 0.0013
::1 - - [23/Apr/2023:19:05:05 -0300] "GET /callback?code=AQD0Wyn9LLJgbqLUxIPVKVhpRGrUUFHSSYVTcFxFW_ozpq9cxpUizTaoGQe6NHYRpa1j_UtNnBOwToKVCIDtPh1WM0rCpIyNuOBeD9CHUxr8M_crdxK7dA5WkNDLymdKwmNVLGHvh6QuEskzQncup7PVNMAnGlyrJdMC6mQ-EKFCUNdc56_E-CpeDCmD8Lu4ZyIJaihtTIyN6pK4BfTPCEr0vTSocXk1veKWU1gK61-xSggL8HCe7dXa&state=c85cf52988b49c8d87672e0873d85a83 HTTP/1.1" 302 - 0.3067
::1 - - [23/Apr/2023:19:05:47 -0300] "GET /now-playing HTTP/1.1" 200 582 20.7634
::1 - - [23/Apr/2023:19:05:47 -0300] "GET /main.css HTTP/1.1" 304 - 0.0065
::1 - - [23/Apr/2023:19:05:47 -0300] "GET /assets/album.jpg HTTP/1.1" 200 29490 0.0049
::1 - - [23/Apr/2023:19:05:59 -0300] "GET /now-playing HTTP/1.1" 200 582 9.9923
::1 - - [23/Apr/2023:19:05:59 -0300] "GET /assets/album.jpg HTTP/1.1" 200 29490 0.0060
::1 - - [23/Apr/2023:19:17:34 -0300] "GET /now-playing HTTP/1.1" 200 582 688.3489
::1 - - [23/Apr/2023:19:17:34 -0300] "GET /main.css HTTP/1.1" 304 - 0.0036
::1 - - [23/Apr/2023:19:17:34 -0300] "GET /assets/album.jpg HTTP/1.1" 200 29490 0.0043
::1 - - [23/Apr/2023:19:17:45 -0300] "GET / HTTP/1.1" 302 - 0.0058
::1 - - [23/Apr/2023:19:17:46 -0300] "GET /callback?code=AQAj2POGns3FimXVXHeFXhdRYWvqCDQ4wOVICsNOSVlD-vUWdiEqdNFtF8BaQagCeWC-JuXwbPnYxWaFx0WF38RyR8jfFAB2p2Wpd1QYK3OhhK-ctZoJ9s_LfUD6MROhRRmTUQbKIrGHyPh3Cpkz7QoQW2kAHMaRojMgjKvZvY_rIouqVMkEjX5lJcjTMZmTMCqmeVhwhU-Bw9wvwtfHF7WnBDFNjepsAFdixaAHN-vPf0_nhLu-mdYG&state=15c901099b160b905c76b48ead89a199 HTTP/1.1" 302 - 0.3110
::1 - - [23/Apr/2023:19:17:55 -0300] "GET / HTTP/1.1" 302 - 0.0066
::1 - - [23/Apr/2023:19:17:56 -0300] "GET / HTTP/1.1" 302 - 0.0011
::1 - - [23/Apr/2023:19:17:56 -0300] "GET /callback?code=AQALur-r3BAoO7U4LbmPfFdMKIBtwMTwhaPNm3nsMhz6EJA23NiMN09Vlt1lkaiDj2_nC3sb2-OgREeo_T1DqKbE5Y4L83jtFwkUBtbszL7-LGVExF878_I5j7HOaInjv9OIAI7w5QCMEdegLevzPMlboT-SUTsJo9sEpKGzjwWucK4T-59ScxU7FundGsxOg8HU-xzoKwdjWzVMOm8BJmGvPIqvQpXzjxEsmL8iSpzNUSAnaUVYa4e2&state=44ee9a1a9120d01231830060eef88059 HTTP/1.1" 302 - 0.3040
::1 - - [23/Apr/2023:19:18:37 -0300] "GET /now HTTP/1.1" 404 461 0.0034
::1 - - [23/Apr/2023:19:18:37 -0300] "GET /__sinatra__/404.png HTTP/1.1" 200 18893 0.0108
::1 - - [23/Apr/2023:19:18:41 -0300] "GET / HTTP/1.1" 302 - 0.0010
::1 - - [23/Apr/2023:19:18:41 -0300] "GET / HTTP/1.1" 302 - 0.0010
::1 - - [23/Apr/2023:19:18:42 -0300] "GET /callback?code=AQCq75ac0J4dOvf7eCtQb_5cVUcLz1K5pxMEDnxdL7evlkZBSvTl6rMfBzYp3RLJI7ODgRHmrVWBVFEGNMW6GcmhL-fsV9COGGn57kt7cEyzHkWOYxx8sAHnVO8v9XyoPphOe3pHWRjFSVNLmM0KCd_SNS-E_0gNbEW6VF_wr0Oo6nBGyRXLnmBJHkel4rsrE4mzxkYzUn391g5imG-8VwBvOp4hdbIJtmdh33PwfwnsirPREfaCOHVW&state=2739d6795ff9a2eeb8ba0393443c1bb3 HTTP/1.1" 302 - 0.2888
::1 - - [23/Apr/2023:19:18:51 -0300] "GET /now-playing HTTP/1.1" 200 563 9.4016
::1 - - [23/Apr/2023:19:18:51 -0300] "GET /assets/album.jpg HTTP/1.1" 200 8993 0.0019
::1 - - [23/Apr/2023:19:19:00 -0300] "GET / HTTP/1.1" 302 - 0.0055
::1 - - [23/Apr/2023:19:19:01 -0300] "GET /callback?code=AQCVMma5eCJUE5CkZ1IwKJJ6g5eR73N5T7zb0iqaMr2KFuEy7XmbCs6LHvY3N5vfY87ULk9MuryRWMFkcxdlMJpSZVoMSzJj3AAopEWvkAdHIM_SsQ4DGWFHfQR-FLPwfsJFVJ5oKd8XRpgKE2APmTMrvVKjBs8VanCsF01HeW7KNP3BY9nsPGQjltkFurRU2ynGHH5maCoB3cIXh6Ym8Cfud4_6Np2tWkXY03OoQzV83ZDG0p9S7rXx&state=321e3a63e8220bd3bbdcfcc1f1cdea86 HTTP/1.1" 302 - 0.2829
::1 - - [23/Apr/2023:19:21:39 -0300] "GET / HTTP/1.1" 302 - 0.0055
::1 - - [23/Apr/2023:19:21:40 -0300] "GET / HTTP/1.1" 302 - 0.0011
::1 - - [23/Apr/2023:19:21:41 -0300] "GET /callback?code=AQCSU3yOdJeuSl5khrDFkxHwfIaoqqiewAX_APgajdYNR0g2_44ymZT7GoxB75g4BSz4bQeT5wZl9wgkyXF9YVG5BPVYuYus3HrzXKqHw9qrRpjA1KgccPCMkEWl4yqblreWE-B05cQNYh8yEZO2asgU6ru45kKwi_3icfuKBgVJ017qwfSkpvqAHJRcIwOVR5B7NEaMDvDr8sGViEr9IYyIlTO9ivuDh-t6XBoep5SqM_cJqPaIP-_w&state=f76d7910bbdd95fec2176b06f3496e3b HTTP/1.1" 302 - 0.3042
::1 - - [23/Apr/2023:20:04:01 -0300] "GET / HTTP/1.1" 302 - 0.0055
::1 - - [23/Apr/2023:20:04:02 -0300] "GET /callback?code=AQCaKn7JAwF-32_yoKNgixuHeca-a9TIujcNRZSpqeuNBRkD2WfBsiO_jMAthd6boGNn3URwVNAfZHJecJF09q6KnStmhxGZRmWHK9rLWqSAoXr4mzilZoNuLG18TIlnY_cGqsPRGVchQ_3OD0qgxrF5yA1K-xXvc0tzOCFRbAwftHT2n_u8DKPqW3DigONH_1FhogvazKFuYGQeXVaMMut-EM6aqqDC5LRUHF38ZambEnWCMxc3v_ju&state=61173f3dd9881f6b08461d79bbb8987b HTTP/1.1" 302 - 0.3040
::1 - - [23/Apr/2023:20:05:08 -0300] "GET /now-playing HTTP/1.1" 200 539 65.9802
::1 - - [23/Apr/2023:20:05:08 -0300] "GET /main.css HTTP/1.1" 304 - 0.0041
::1 - - [23/Apr/2023:20:05:08 -0300] "GET /assets/album.jpg HTTP/1.1" 304 - 0.0008
::1 - - [23/Apr/2023:20:06:19 -0300] "GET / HTTP/1.1" 302 - 0.0049
::1 - - [23/Apr/2023:20:06:20 -0300] "GET /callback?code=AQCSeTVS448EScOhRk2B5i5rWLcR2hdb8IyMSTburT9ogAIsQe5d63NBkrYYamsZnmZpuSxAfnXH-8iCpNy7cRt2EogIPHjxdKWVFBS1__HTgbYNU804slE1CfvoT0CORzcXke3dv5tiN7WGp28Iy81Qr4xZ6QnuXzNKZMcIrhiAtoQOlGy0yyLxv9WivpGdN-h07QacBak79rOu2h0D42WuNYqOp3nFmBY48u7oD6CyHd_2_mCutv0L&state=d9d0bf35960cc0c9d511fea9749a754f HTTP/1.1" 302 - 0.3060
::1 - - [23/Apr/2023:20:06:21 -0300] "GET /now-playing HTTP/1.1" 200 582 1.4691
::1 - - [02/May/2023:19:17:13 -0300] "GET / HTTP/1.1" 302 - 0.0060
::1 - - [02/May/2023:19:17:14 -0300] "GET /callback?code=AQDAyspjWHvjIMo5wlimQkZ45_txPDjz4y92nD-jwNksUrSwFKVUS5iC65UVh53rN4y1YzGp4K9ZGhikCYCfpbqFfeQKdpKFS1ipp6d4ibuzvvXzgh9YIPZs8hu4Zwx6gC4whuDta1F42Wq7EV6llYrzN-kfqAEVyF-92-qfLVZ3_tUwMvuQjJLh2LRxMD5nOQ7qb9yio11vi7ibwGtO5U7h5VLJhuCzxxjmCBhU0jwvA7rl2PTGCRei&state=1b77a0affeb331ae1ecab39d74901eea HTTP/1.1" 302 - 0.2927
::1 - - [02/May/2023:19:17:15 -0300] "GET /now-playing HTTP/1.1" 200 565 1.2264
::1 - - [02/May/2023:19:17:15 -0300] "GET /main.css HTTP/1.1" 200 - 0.0041
::1 - - [02/May/2023:19:17:15 -0300] "GET /assets/album.jpg HTTP/1.1" 200 53224 0.0060
::1 - - [02/May/2023:19:17:16 -0300] "GET /favicon.ico HTTP/1.1" 404 469 0.0033
::1 - - [02/May/2023:19:17:23 -0300] "GET /now-playing HTTP/1.1" 200 553 1.5221
::1 - - [02/May/2023:19:17:23 -0300] "GET /assets/album.jpg HTTP/1.1" 200 52047 0.0112
::1 - - [02/May/2023:19:17:33 -0300] "GET /now-playing HTTP/1.1" 200 553 1.3754
::1 - - [02/May/2023:19:17:33 -0300] "GET /assets/album.jpg HTTP/1.1" 200 52047 0.0058
::1 - - [02/May/2023:19:18:40 -0300] "GET /now-playing HTTP/1.1" 200 580 1.3560
::1 - - [02/May/2023:19:18:40 -0300] "GET /assets/album.jpg HTTP/1.1" 200 34588 0.0040
::1 - - [02/May/2023:19:20:15 -0300] "GET /now-playing HTTP/1.1" 200 567 66.4482
::1 - - [02/May/2023:19:20:42 -0300] "GET /now-playing HTTP/1.1" 200 565 10.9863
::1 - - [02/May/2023:19:20:42 -0300] "GET /assets/album.jpg HTTP/1.1" 200 53224 0.0103
::1 - - [02/May/2023:19:21:11 -0300] "GET /now-playing HTTP/1.1" 200 565 23.1972
::1 - - [02/May/2023:19:21:15 -0300] "GET /__sinatra__/500.png HTTP/1.1" 200 24378 0.0160
::1 - - [02/May/2023:19:21:34 -0300] "GET /now-playing HTTP/1.1" 200 565 1.3643
::1 - - [02/May/2023:19:21:35 -0300] "GET /assets/album.jpg HTTP/1.1" 200 53224 0.0103
::1 - - [02/May/2023:19:22:49 -0300] "GET /now-playing HTTP/1.1" 200 565 34.0942
::1 - - [02/May/2023:19:22:49 -0300] "GET /assets/album.jpg HTTP/1.1" 200 53224 0.0092
::1 - - [02/May/2023:19:23:00 -0300] "GET /now-playing HTTP/1.1" 200 565 1.4464
::1 - - [02/May/2023:19:23:00 -0300] "GET /assets/album.jpg HTTP/1.1" 200 53224 0.0098
::1 - - [02/May/2023:19:23:03 -0300] "GET /now-playing HTTP/1.1" 200 565 1.6240
::1 - - [02/May/2023:19:23:03 -0300] "GET /assets/album.jpg HTTP/1.1" 200 53224 0.0066
::1 - - [02/May/2023:19:23:06 -0300] "GET /now-playing HTTP/1.1" 200 565 1.3994
::1 - - [02/May/2023:19:23:06 -0300] "GET /assets/album.jpg HTTP/1.1" 200 53224 0.0062
::1 - - [02/May/2023:19:23:53 -0300] "GET /now-playing HTTP/1.1" 200 565 1.3915
::1 - - [02/May/2023:19:23:53 -0300] "GET /assets/album.jpg HTTP/1.1" 200 53224 0.0061
::1 - - [02/May/2023:19:23:56 -0300] "GET /now-playing HTTP/1.1" 200 565 1.3475
::1 - - [02/May/2023:19:23:56 -0300] "GET /assets/album.jpg HTTP/1.1" 200 53224 0.0058
::1 - - [02/May/2023:19:24:02 -0300] "GET /now-playing HTTP/1.1" 200 563 1.0589
::1 - - [02/May/2023:19:24:03 -0300] "GET /now-playing HTTP/1.1" 200 563 1.0252
::1 - - [02/May/2023:19:24:03 -0300] "GET /assets/album.jpg HTTP/1.1" 200 65068 0.0075
::1 - - [02/May/2023:19:24:08 -0300] "GET /now-playing HTTP/1.1" 200 564 1.0534
::1 - - [02/May/2023:19:24:08 -0300] "GET /assets/album.jpg HTTP/1.1" 200 26311 0.0037
::1 - - [02/May/2023:19:24:20 -0300] "GET /now-playing HTTP/1.1" 200 565 1.3753
::1 - - [02/May/2023:19:24:21 -0300] "GET /assets/album.jpg HTTP/1.1" 200 53224 0.0125
::1 - - [02/May/2023:19:24:24 -0300] "GET /now-playing HTTP/1.1" 200 565 1.3492
::1 - - [02/May/2023:19:24:24 -0300] "GET /assets/album.jpg HTTP/1.1" 200 53224 0.0079
::1 - - [02/May/2023:19:27:28 -0300] "GET /now-playing HTTP/1.1" 200 565 36.8935
::1 - - [02/May/2023:19:27:28 -0300] "GET /assets/album.jpg HTTP/1.1" 200 53224 0.0108
::1 - - [02/May/2023:19:30:47 -0300] "GET /now-playing HTTP/1.1" 200 565 192.3124
::1 - - [02/May/2023:19:30:47 -0300] "GET /assets/album.jpg HTTP/1.1" 200 53224 0.0124
::1 - - [02/May/2023:19:44:56 -0300] "GET /now-playing HTTP/1.1" 200 554 844.6028
::1 - - [02/May/2023:19:44:56 -0300] "GET /assets/album.jpg HTTP/1.1" 200 8304 0.0045
::1 - - [02/May/2023:19:45:36 -0300] "GET /now-playing HTTP/1.1" 200 577 1.4771
::1 - - [02/May/2023:19:45:36 -0300] "GET /assets/album.jpg HTTP/1.1" 200 49637 0.0156
::1 - - [02/May/2023:19:45:43 -0300] "GET /now-playing HTTP/1.1" 200 567 1.4125
::1 - - [02/May/2023:19:45:43 -0300] "GET /assets/album.jpg HTTP/1.1" 200 14800 0.0042
